# JRE version: Java(TM) SE Runtime Environment (8.0_101-b13) (build 1.8.0_101-b13)
# Java VM: Java HotSpot(TM) 64-Bit Server VM (25.101-b13 mixed mode windows-amd64 compressed oops)
Heap:
 PSYoungGen      total 76288K, used 6510K [0x000000076ac00000, 0x0000000770100000, 0x00000007c0000000)
  eden space 65536K, 6% used [0x000000076ac00000,0x000000076b053878,0x000000076ec00000)
  from space 10752K, 19% used [0x000000076f680000,0x000000076f888000,0x0000000770100000)
  to   space 10752K, 0% used [0x000000076ec00000,0x000000076ec00000,0x000000076f680000)
 ParOldGen       total 175104K, used 40K [0x00000006c0400000, 0x00000006caf00000, 0x000000076ac00000)
  object space 175104K, 0% used [0x00000006c0400000,0x00000006c040a000,0x00000006caf00000)
 Metaspace       used 10123K, capacity 10307K, committed 10624K, reserved 1058816K
  class space    used 1008K, capacity 1068K, committed 1152K, reserved 1048576K
GC Heap History (8 events):
Event: 4.728 GC heap before
{Heap before GC invocations=1 (full 0):
 PSYoungGen      total 76288K, used 65536K [0x000000076ac00000, 0x0000000770100000, 0x00000007c0000000)
  eden space 65536K, 100% used [0x000000076ac00000,0x000000076ec00000,0x000000076ec00000)
  from space 10752K, 0% used [0x000000076f680000,0x000000076f680000,0x0000000770100000)
  to   space 10752K, 0% used [0x000000076ec00000,0x000000076ec00000,0x000000076f680000)
 ParOldGen       total 175104K, used 0K [0x00000006c0400000, 0x00000006caf00000, 0x000000076ac00000)
  object space 175104K, 0% used [0x00000006c0400000,0x00000006c0400000,0x00000006caf00000)
 Metaspace       used 9044K, capacity 9213K, committed 9472K, reserved 1058816K
  class space    used 926K, capacity 991K, committed 1024K, reserved 1048576K
Event: 4.747 GC heap after
Heap after GC invocations=1 (full 0):
 PSYoungGen      total 76288K, used 7783K [0x000000076ac00000, 0x0000000770100000, 0x00000007c0000000)
  eden space 65536K, 0% used [0x000000076ac00000,0x000000076ac00000,0x000000076ec00000)
  from space 10752K, 72% used [0x000000076ec00000,0x000000076f399f68,0x000000076f680000)
  to   space 10752K, 0% used [0x000000076f680000,0x000000076f680000,0x0000000770100000)
 ParOldGen       total 175104K, used 16K [0x00000006c0400000, 0x00000006caf00000, 0x000000076ac00000)
  object space 175104K, 0% used [0x00000006c0400000,0x00000006c0404000,0x00000006caf00000)
 Metaspace       used 9044K, capacity 9213K, committed 9472K, reserved 1058816K
  class space    used 926K, capacity 991K, committed 1024K, reserved 1048576K
}
Event: 9.554 GC heap before
{Heap before GC invocations=2 (full 0):
 PSYoungGen      total 76288K, used 73319K [0x000000076ac00000, 0x0000000770100000, 0x00000007c0000000)
  eden space 65536K, 100% used [0x000000076ac00000,0x000000076ec00000,0x000000076ec00000)
  from space 10752K, 72% used [0x000000076ec00000,0x000000076f399f68,0x000000076f680000)
  to   space 10752K, 0% used [0x000000076f680000,0x000000076f680000,0x0000000770100000)
 ParOldGen       total 175104K, used 16K [0x00000006c0400000, 0x00000006caf00000, 0x000000076ac00000)
  object space 175104K, 0% used [0x00000006c0400000,0x00000006c0404000,0x00000006caf00000)
 Metaspace       used 10034K, capacity 10243K, committed 10368K, reserved 1058816K
  class space    used 1005K, capacity 1068K, committed 1152K, reserved 1048576K
Event: 9.559 GC heap after
Heap after GC invocations=2 (full 0):
 PSYoungGen      total 76288K, used 2112K [0x000000076ac00000, 0x0000000770100000, 0x00000007c0000000)
  eden space 65536K, 0% used [0x000000076ac00000,0x000000076ac00000,0x000000076ec00000)
  from space 10752K, 19% used [0x000000076f680000,0x000000076f890000,0x0000000770100000)
  to   space 10752K, 0% used [0x000000076ec00000,0x000000076ec00000,0x000000076f680000)
 ParOldGen       total 175104K, used 24K [0x00000006c0400000, 0x00000006caf00000, 0x000000076ac00000)
  object space 175104K, 0% used [0x00000006c0400000,0x00000006c0406000,0x00000006caf00000)
 Metaspace       used 10034K, capacity 10243K, committed 10368K, reserved 1058816K
  class space    used 1005K, capacity 1068K, committed 1152K, reserved 1048576K
}
Event: 13.788 GC heap before
{Heap before GC invocations=3 (full 0):
 PSYoungGen      total 76288K, used 67648K [0x000000076ac00000, 0x0000000770100000, 0x00000007c0000000)
  eden space 65536K, 100% used [0x000000076ac00000,0x000000076ec00000,0x000000076ec00000)
  from space 10752K, 19% used [0x000000076f680000,0x000000076f890000,0x0000000770100000)
  to   space 10752K, 0% used [0x000000076ec00000,0x000000076ec00000,0x000000076f680000)
 ParOldGen       total 175104K, used 24K [0x00000006c0400000, 0x00000006caf00000, 0x000000076ac00000)
  object space 175104K, 0% used [0x00000006c0400000,0x00000006c0406000,0x00000006caf00000)
 Metaspace       used 10099K, capacity 10243K, committed 10368K, reserved 1058816K
  class space    used 1005K, capacity 1068K, committed 1152K, reserved 1048576K
Event: 13.794 GC heap after
Heap after GC invocations=3 (full 0):
 PSYoungGen      total 76288K, used 2112K [0x000000076ac00000, 0x0000000770100000, 0x00000007c0000000)
  eden space 65536K, 0% used [0x000000076ac00000,0x000000076ac00000,0x000000076ec00000)
  from space 10752K, 19% used [0x000000076ec00000,0x000000076ee10020,0x000000076f680000)
  to   space 10752K, 0% used [0x000000076f680000,0x000000076f680000,0x0000000770100000)
 ParOldGen       total 175104K, used 32K [0x00000006c0400000, 0x00000006caf00000, 0x000000076ac00000)
  object space 175104K, 0% used [0x00000006c0400000,0x00000006c0408000,0x00000006caf00000)
 Metaspace       used 10099K, capacity 10243K, committed 10368K, reserved 1058816K
  class space    used 1005K, capacity 1068K, committed 1152K, reserved 1048576K
}
Event: 18.503 GC heap before
{Heap before GC invocations=4 (full 0):
 PSYoungGen      total 76288K, used 67648K [0x000000076ac00000, 0x0000000770100000, 0x00000007c0000000)
  eden space 65536K, 100% used [0x000000076ac00000,0x000000076ec00000,0x000000076ec00000)
  from space 10752K, 19% used [0x000000076ec00000,0x000000076ee10020,0x000000076f680000)
  to   space 10752K, 0% used [0x000000076f680000,0x000000076f680000,0x0000000770100000)
 ParOldGen       total 175104K, used 32K [0x00000006c0400000, 0x00000006caf00000, 0x000000076ac00000)
  object space 175104K, 0% used [0x00000006c0400000,0x00000006c0408000,0x00000006caf00000)
 Metaspace       used 10105K, capacity 10243K, committed 10368K, reserved 1058816K
  class space    used 1005K, capacity 1068K, committed 1152K, reserved 1048576K
Event: 18.508 GC heap after
Heap after GC invocations=4 (full 0):
 PSYoungGen      total 76288K, used 2080K [0x000000076ac00000, 0x0000000770100000, 0x00000007c0000000)
  eden space 65536K, 0% used [0x000000076ac00000,0x000000076ac00000,0x000000076ec00000)
  from space 10752K, 19% used [0x000000076f680000,0x000000076f888000,0x0000000770100000)
  to   space 10752K, 0% used [0x000000076ec00000,0x000000076ec00000,0x000000076f680000)
 ParOldGen       total 175104K, used 40K [0x00000006c0400000, 0x00000006caf00000, 0x000000076ac00000)
  object space 175104K, 0% used [0x00000006c0400000,0x00000006c040a000,0x00000006caf00000)
 Metaspace       used 10105K, capacity 10243K, committed 10368K, reserved 1058816K
  class space    used 1005K, capacity 1068K, committed 1152K, reserved 1048576K
}

